  MyForm.cpp
D:\reimplement_lab_lee_materials\homework_10_asvdf\MyForm.h(589,17): warning C4244: 'initializing': conversion from '_Tp' to 'float', possible loss of data
D:\reimplement_lab_lee_materials\homework_10_asvdf\MyForm.h(589,17): warning C4244:         with
D:\reimplement_lab_lee_materials\homework_10_asvdf\MyForm.h(589,17): warning C4244:         [
D:\reimplement_lab_lee_materials\homework_10_asvdf\MyForm.h(589,17): warning C4244:             _Tp=double
D:\reimplement_lab_lee_materials\homework_10_asvdf\MyForm.h(589,17): warning C4244:         ]
  (compiling source file 'MyForm.cpp')
  
D:\reimplement_lab_lee_materials\homework_10_asvdf\MyForm.h(590,17): warning C4244: 'initializing': conversion from '_Tp' to 'float', possible loss of data
D:\reimplement_lab_lee_materials\homework_10_asvdf\MyForm.h(590,17): warning C4244:         with
D:\reimplement_lab_lee_materials\homework_10_asvdf\MyForm.h(590,17): warning C4244:         [
D:\reimplement_lab_lee_materials\homework_10_asvdf\MyForm.h(590,17): warning C4244:             _Tp=double
D:\reimplement_lab_lee_materials\homework_10_asvdf\MyForm.h(590,17): warning C4244:         ]
  (compiling source file 'MyForm.cpp')
  
D:\reimplement_lab_lee_materials\homework_10_asvdf\MyForm.h(591,17): warning C4244: 'initializing': conversion from '_Tp' to 'float', possible loss of data
D:\reimplement_lab_lee_materials\homework_10_asvdf\MyForm.h(591,17): warning C4244:         with
D:\reimplement_lab_lee_materials\homework_10_asvdf\MyForm.h(591,17): warning C4244:         [
D:\reimplement_lab_lee_materials\homework_10_asvdf\MyForm.h(591,17): warning C4244:             _Tp=double
D:\reimplement_lab_lee_materials\homework_10_asvdf\MyForm.h(591,17): warning C4244:         ]
  (compiling source file 'MyForm.cpp')
  
D:\reimplement_lab_lee_materials\homework_10_asvdf\MyForm.h(716,75): warning C4267: 'argument': conversion from 'size_t' to 'int', possible loss of data
  (compiling source file 'MyForm.cpp')
  
D:\reimplement_lab_lee_materials\homework_10_asvdf\MyForm.h(723,75): warning C4267: 'argument': conversion from 'size_t' to 'int', possible loss of data
  (compiling source file 'MyForm.cpp')
  
D:\reimplement_lab_lee_materials\homework_10_asvdf\MyForm.h(733,90): warning C4267: 'argument': conversion from 'size_t' to 'int', possible loss of data
  (compiling source file 'MyForm.cpp')
  
D:\reimplement_lab_lee_materials\homework_10_asvdf\MyForm.h(740,93): warning C4267: 'argument': conversion from 'size_t' to 'int', possible loss of data
  (compiling source file 'MyForm.cpp')
  
C:\libs\opencv\build\include\opencv2\core\fast_math.hpp(205): warning C4793: '`anonymous namespace'::cvRound': function compiled as native:
  	Found an intrinsic not supported in managed code
C:\libs\opencv\build\include\opencv2\core\fast_math.hpp(206): warning C4793: '`anonymous namespace'::cvRound': function compiled as native:
  	Found an intrinsic not supported in managed code
C:\libs\opencv\build\include\opencv2\core\fast_math.hpp(327): warning C4793: '`anonymous namespace'::cvRound': function compiled as native:
  	Found an intrinsic not supported in managed code
C:\libs\opencv\build\include\opencv2\core\fast_math.hpp(328): warning C4793: '`anonymous namespace'::cvRound': function compiled as native:
  	Found an intrinsic not supported in managed code
  MyForm.obj : MSIL module encountered; incremental linking is disabled for MSIL; performing full link
  homework_10_asvdf.vcxproj -> D:\reimplement_lab_lee_materials\homework_10_asvdf\x64\Debug\homework_10_asvdf.exe
